VirtualBox XPCOM Server 5.2.18 r123745 linux.amd64 (Aug 15 2018 12:32:31) release log
00:00:00.010777 main     Log opened 2018-10-08T18:08:44.981981000Z
00:00:00.010780 main     Build Type: release
00:00:00.010785 main     OS Product: Linux
00:00:00.010788 main     OS Release: 4.14.74-1-lts
00:00:00.010791 main     OS Version: #1 SMP Fri Oct 5 19:29:27 CEST 2018
00:00:00.010827 main     DMI Product Name: N85_N87,HJ,HJ1,HK1
00:00:00.010850 main     DMI Product Version: Not Applicable                  
00:00:00.010934 main     Host RAM: 7739MB (7.5GB) total, 5801MB (5.6GB) available
00:00:00.010941 main     Executable: /usr/lib/virtualbox/VBoxSVC
00:00:00.010943 main     Process ID: 16835
00:00:00.010944 main     Package type: LINUX_64BITS_GENERIC (OSE)
00:00:00.015030 main     IPC socket path: /tmp/.vbox-ssnape-ipc/ipcd
00:00:00.168369 nspr-2   VirtualBox: object creation starts
00:00:00.171753 nspr-2   Home directory: '/home/ssnape/.config/VirtualBox'
00:00:00.172583 nspr-2   Loading settings file "/home/ssnape/.config/VirtualBox/VirtualBox.xml" with version "1.12-linux"
00:00:00.201918 nspr-2   NetIfAdpCtlOut: VBoxNetAdpCtl: Error while retrieving link speed for wlp4s0: VBoxNetAdpCtl: ioctl failed: Operation not supported
00:00:00.212872 nspr-2   NAT: resolv.conf: nameserver 192.168.178.1
00:00:00.212890 nspr-2   HostDnsMonitor: old information
00:00:00.212892 nspr-2     no server entries
00:00:00.212894 nspr-2     no domain set
00:00:00.212896 nspr-2     no search string entries
00:00:00.212897 nspr-2   HostDnsMonitor: new information
00:00:00.212899 nspr-2     server 1: 192.168.178.1
00:00:00.212901 nspr-2     domain: fritz.box
00:00:00.212903 nspr-2     search string 1: fritz.box
00:00:00.212905 nspr-2   HostDnsMonitorProxy::notify
00:00:00.243109 nspr-2   VD: VDInit finished with VINF_SUCCESS
00:00:00.246190 nspr-2   ERROR [COM]: aRC=NS_ERROR_FAILURE (0x80004005) aIID={0eb668d2-495e-5a36-8890-29999b5f030c} aComponent={SystemPropertiesWrap} aText={Cannot determine default Guest Additions ISO location. Most likely they are not available}, preserve=false aResultDetail=0
00:00:00.254052 nspr-2   Loading settings file "/home/ssnape/VirtualBox VMs/Gentoo/Gentoo.vbox" with version "1.16-linux"
00:00:00.255047 nspr-2   VirtualBox: object created
00:00:01.906458 nspr-4   Saving settings file "/home/ssnape/.config/VirtualBox/VirtualBox.xml" with version "1.12-linux"
00:00:01.960414 nspr-4   Saving settings file "/home/ssnape/.config/VirtualBox/VirtualBox.xml" with version "1.12-linux"
00:00:03.447653 nspr-4   Saving settings file "/home/ssnape/.config/VirtualBox/VirtualBox.xml" with version "1.12-linux"
00:00:03.461586 nspr-3   Saving settings file "/home/ssnape/.config/VirtualBox/VirtualBox.xml" with version "1.12-linux"
00:00:03.472719 nspr-3   Saving settings file "/home/ssnape/.config/VirtualBox/VirtualBox.xml" with version "1.12-linux"
00:00:08.992712 main     VirtualBox: object deletion starts
00:00:08.992790 main     ERROR [COM]: aRC=VBOX_E_OBJECT_IN_USE (0x80bb000c) aIID={4afe423b-43e0-e9d0-82e8-ceb307940dda} aComponent={MediumWrap} aText={Medium '/home/ssnape/Documents/Projekte_u.A./VirtualBox/Gentoo.vdi' cannot be closed because it is still attached to 1 virtual machines}, preserve=false aResultDetail=0
00:00:09.257804 Watcher  ERROR [COM]: aRC=E_ACCESSDENIED (0x80070005) aIID={9570b9d5-f1a1-448a-10c5-e12f5285adad} aComponent={VirtualBoxWrap} aText={The object is not ready}, preserve=false aResultDetail=0
00:00:13.993682 main     {00007f759c018050} HostPowerServiceLinux::~HostPowerServiceLinux: RTThreadWait() for 5000 ms failed with VERR_TIMEOUT
00:00:13.994247 main     VirtualBox: object deleted
